Log file open, 01/31/19 16:20:38
LogWindows: Failed to load 'aqProf.dll' (GetLastError=126)
LogWindows: File 'aqProf.dll' does not exist
LogWindows: Failed to load 'VtuneApi.dll' (GetLastError=126)
LogWindows: File 'VtuneApi.dll' does not exist
LogWindows: Failed to load 'VtuneApi32e.dll' (GetLastError=126)
LogWindows: File 'VtuneApi32e.dll' does not exist
LogConsoleResponse: Display: Failed to find resolution value strings in scalability ini. Falling back to default.
LogInit: Display: Running engine for game: fps_island
LogPakFile: Registered encryption key '00000000000000000000000000000000': 0 pak files mounted, 0 remain pending
LogPlatformFile: Not using cached read wrapper
LogTaskGraph: Started task graph with 5 named threads and 11 total threads with 3 sets of task threads.
LogStats: Stats thread started at 0.149291
LogD3D11RHI: Loaded GFSDK_Aftermath_Lib.x64.dll
LogICUInternationalization: ICU TimeZone Detection - Raw Offset: +1:00, Platform Override: ''
LogPluginManager: Mounting plugin Paper2D
LogPluginManager: Mounting plugin AISupport
LogPluginManager: Mounting plugin LightPropagationVolume
LogPluginManager: Mounting plugin ActorLayerUtilities
LogPluginManager: Mounting plugin CLionSourceCodeAccess
LogPluginManager: Mounting plugin CodeLiteSourceCodeAccess
LogPluginManager: Mounting plugin GitSourceControl
LogPluginManager: Mounting plugin KDevelopSourceCodeAccess
LogPluginManager: Mounting plugin NullSourceCodeAccess
LogPluginManager: Mounting plugin PerforceSourceControl
LogPluginManager: Mounting plugin SubversionSourceControl
LogPluginManager: Mounting plugin UObjectPlugin
LogPluginManager: Mounting plugin VisualStudioCodeSourceCodeAccess
LogPluginManager: Mounting plugin VisualStudioSourceCodeAccess
LogPluginManager: Mounting plugin XCodeSourceCodeAccess
LogPluginManager: Mounting plugin AssetManagerEditor
LogPluginManager: Mounting plugin CryptoKeys
LogPluginManager: Mounting plugin DataValidation
LogPluginManager: Mounting plugin FacialAnimation
LogPluginManager: Mounting plugin GameplayTagsEditor
LogPluginManager: Mounting plugin MacGraphicsSwitching
LogPluginManager: Mounting plugin MeshEditor
LogPluginManager: Mounting plugin MobileLauncherProfileWizard
LogPluginManager: Mounting plugin PluginBrowser
LogPluginManager: Mounting plugin SpeedTreeImporter
LogPluginManager: Mounting plugin DatasmithContent
LogPluginManager: Mounting plugin VariantManagerContent
LogPluginManager: Mounting plugin AlembicImporter
LogPluginManager: Mounting plugin AppleImageUtils
LogPluginManager: Mounting plugin AppleVision
LogPluginManager: Mounting plugin BackChannel
LogPluginManager: Mounting plugin CharacterAI
LogPluginManager: Mounting plugin GeometryCache
LogPluginManager: Mounting plugin HTML5Networking
LogPluginManager: Mounting plugin ProxyLODPlugin
LogPluginManager: Mounting plugin MagicLeap
LogPluginManager: Mounting plugin MagicLeapMedia
LogPluginManager: Mounting plugin AndroidMedia
LogPluginManager: Mounting plugin AvfMedia
LogPluginManager: Mounting plugin ImgMedia
LogPluginManager: Mounting plugin LinearTimecode
LogPluginManager: Mounting plugin MediaCompositing
LogPluginManager: Mounting plugin MediaPlayerEditor
LogPluginManager: Mounting plugin WebMMedia
LogPluginManager: Mounting plugin WmfMedia
LogPluginManager: Mounting plugin TcpMessaging
LogPluginManager: Mounting plugin UdpMessaging
LogPluginManager: Mounting plugin ActorSequence
LogPluginManager: Mounting plugin LevelSequenceEditor
LogPluginManager: Mounting plugin MatineeToLevelSequence
LogPluginManager: Mounting plugin NetcodeUnitTest
LogPluginManager: Mounting plugin NUTUnrealEngine4
LogPluginManager: Mounting plugin OnlineSubsystemGooglePlay
LogPluginManager: Mounting plugin OnlineSubsystemIOS
LogPluginManager: Mounting plugin OnlineSubsystem
LogPluginManager: Mounting plugin OnlineSubsystemNull
LogPluginManager: Mounting plugin OnlineSubsystemUtils
LogPluginManager: Mounting plugin LauncherChunkInstaller
LogPluginManager: Mounting plugin AndroidDeviceProfileSelector
LogPluginManager: Mounting plugin AndroidMoviePlayer
LogPluginManager: Mounting plugin AndroidPermission
LogPluginManager: Mounting plugin AppleMoviePlayer
LogPluginManager: Mounting plugin ArchVisCharacter
LogPluginManager: Mounting plugin AudioCapture
LogPluginManager: Mounting plugin CableComponent
LogPluginManager: Mounting plugin CustomMeshComponent
LogPluginManager: Mounting plugin EditableMesh
LogPluginManager: Mounting plugin ExampleDeviceProfileSelector
LogPluginManager: Mounting plugin Firebase
LogPluginManager: Mounting plugin GoogleCloudMessaging
LogPluginManager: Mounting plugin IOSDeviceProfileSelector
LogPluginManager: Mounting plugin LinuxDeviceProfileSelector
LogPluginManager: Mounting plugin LocationServicesBPLibrary
LogPluginManager: Mounting plugin MobilePatchingUtils
LogPluginManager: Mounting plugin OculusVR
LogPluginManager: Mounting plugin PhysXVehicles
LogPluginManager: Mounting plugin ProceduralMeshComponent
LogPluginManager: Mounting plugin RuntimePhysXCooking
LogPluginManager: Mounting plugin SteamVR
LogPluginManager: Mounting plugin WebMMoviePlayer
LogPluginManager: Mounting plugin WindowsMoviePlayer
LogStreaming: Display: Took  0.153s to configure plugins.
LogInit: Using libcurl 7.55.1-DEV
LogInit:  - built for x86_64-pc-win32
LogInit:  - supports SSL with OpenSSL/1.0.2h
LogInit:  - supports HTTP deflate (compression) using libz 1.2.8
LogInit:  - other features:
LogInit:      CURL_VERSION_SSL
LogInit:      CURL_VERSION_LIBZ
LogInit:      CURL_VERSION_IPV6
LogInit:      CURL_VERSION_ASYNCHDNS
LogInit:      CURL_VERSION_LARGEFILE
LogInit:      CURL_VERSION_IDN
LogInit:  CurlRequestOptions (configurable via config and command line):
LogInit:  - bVerifyPeer = true  - Libcurl will verify peer certificate
LogInit:  - bUseHttpProxy = false  - Libcurl will NOT use HTTP proxy
LogInit:  - bDontReuseConnections = false  - Libcurl will reuse connections
LogInit:  - MaxHostConnections = 16  - Libcurl will limit the number of connections to a host
LogInit:  - LocalHostAddr = Default
LogInit:  - BufferSize = 65536
LogInit: WinSock: version 1.1 (2.2), MaxSocks=32767, MaxUdp=65467
LogInit: Build: ++UE4+Release-4.21-CL-4613538
LogInit: Engine Version: 4.21.1-4613538+++UE4+Release-4.21
LogInit: Compatible Engine Version: 4.21.0-4541578+++UE4+Release-4.21
LogInit: Net CL: 4541578
LogInit: OS: Windows 10 (), CPU: Intel(R) Core(TM) i7-7500U CPU @ 2.70GHz, GPU: Intel(R) HD Graphics 620
LogInit: Compiled (64-bit): Nov 30 2018 04:13:25
LogInit: Compiled with Visual C++: 19.13.26129.00
LogInit: Build Configuration: Development
LogInit: Branch Name: ++UE4+Release-4.21
LogInit: Command Line: 
LogInit: Base Directory: D:/Epic Games/UE_4.21/Engine/Binaries/Win64/
LogInit: Installed Engine Build: 1
LogDevObjectVersion: Number of dev versions registered: 22
LogDevObjectVersion:   Dev-Blueprints (B0D832E4-1F89-4F0D-ACCF-7EB736FD4AA2): 10
LogDevObjectVersion:   Dev-Build (E1C64328-A22C-4D53-A36C-8E866417BD8C): 0
LogDevObjectVersion:   Dev-Core (375EC13C-06E4-48FB-B500-84F0262A717E): 2
LogDevObjectVersion:   Dev-Editor (E4B068ED-F494-42E9-A231-DA0B2E46BB41): 26
LogDevObjectVersion:   Dev-Framework (CFFC743F-43B0-4480-9391-14DF171D2073): 34
LogDevObjectVersion:   Dev-Mobile (B02B49B5-BB20-44E9-A304-32B752E40360): 2
LogDevObjectVersion:   Dev-Networking (A4E4105C-59A1-49B5-A7C5-40C4547EDFEE): 0
LogDevObjectVersion:   Dev-Online (39C831C9-5AE6-47DC-9A44-9C173E1C8E7C): 0
LogDevObjectVersion:   Dev-Physics (78F01B33-EBEA-4F98-B9B4-84EACCB95AA2): 0
LogDevObjectVersion:   Dev-Platform (6631380F-2D4D-43E0-8009-CF276956A95A): 0
LogDevObjectVersion:   Dev-Rendering (12F88B9F-8875-4AFC-A67C-D90C383ABD29): 27
LogDevObjectVersion:   Dev-Sequencer (7B5AE74C-D270-4C10-A958-57980B212A5A): 9
LogDevObjectVersion:   Dev-VR (D7296918-1DD6-4BDD-9DE2-64A83CC13884): 2
LogDevObjectVersion:   Dev-LoadTimes (C2A15278-BFE7-4AFE-6C17-90FF531DF755): 1
LogDevObjectVersion:   Private-Geometry (6EACA3D4-40EC-4CC1-B786-8BED09428FC5): 3
LogDevObjectVersion:   Dev-AnimPhys (29E575DD-E0A3-4627-9D10-D276232CDCEA): 17
LogDevObjectVersion:   Dev-Anim (AF43A65D-7FD3-4947-9873-3E8ED9C1BB05): 2
LogDevObjectVersion:   Dev-ReflectionCapture (6B266CEC-1EC7-4B8F-A30B-E4D90942FC07): 1
LogDevObjectVersion:   Dev-Automation (0DF73D61-A23F-47EA-B727-89E90C41499A): 1
LogDevObjectVersion:   FortniteMain (601D1886-AC64-4F84-AA16-D3DE0DEAC7D6): 17
LogDevObjectVersion:   Dev-Enterprise (9DFFBCD6-494F-0158-E221-12823C92A888): 4
LogDevObjectVersion:   Dev-Niagara (F2AED0AC-9AFE-416F-8664-AA7FFA26D6FC): 1
LogStreaming: Display: Took  0.002s to delete old logs.
LogInit: Presizing for max 8388607 objects, including 0 objects not considered by GC, pre-allocating 0 bytes for permanent pool.
LogInit: Object subsystem initialized
LogConfig: Setting CVar [[con.DebugEarlyDefault:1]]
LogConfig: Setting CVar [[r.setres:1280x720]]
[2019.01.31-15.20.38:371][  0]LogConfig: Setting CVar [[r.VSync:0]]
[2019.01.31-15.20.38:371][  0]LogConfig: Setting CVar [[r.RHICmdBypass:0]]
[2019.01.31-15.20.38:371][  0]LogConfig: Applying CVar settings from Section [/Script/Engine.RendererSettings] File [D:/Game_Engines/Island_FPS_UE/Saved/Config/Windows/Engine.ini]
[2019.01.31-15.20.38:371][  0]LogConfig: Setting CVar [[r.GPUCrashDebugging:0]]
[2019.01.31-15.20.38:371][  0]LogConfig: Applying CVar settings from Section [/Script/Engine.RendererOverrideSettings] File [D:/Game_Engines/Island_FPS_UE/Saved/Config/Windows/Engine.ini]
[2019.01.31-15.20.38:371][  0]LogConfig: Applying CVar settings from Section [/Script/Engine.StreamingSettings] File [D:/Game_Engines/Island_FPS_UE/Saved/Config/Windows/Engine.ini]
[2019.01.31-15.20.38:371][  0]LogConfig: Setting CVar [[s.MinBulkDataSizeForAsyncLoading:131072]]
[2019.01.31-15.20.38:371][  0]LogConfig: Setting CVar [[s.AsyncLoadingThreadEnabled:0]]
[2019.01.31-15.20.38:371][  0]LogConfig: Setting CVar [[s.EventDrivenLoaderEnabled:1]]
[2019.01.31-15.20.38:371][  0]LogConfig: Setting CVar [[s.WarnIfTimeLimitExceeded:0]]
[2019.01.31-15.20.38:371][  0]LogConfig: Setting CVar [[s.TimeLimitExceededMultiplier:1.5]]
[2019.01.31-15.20.38:371][  0]LogConfig: Setting CVar [[s.TimeLimitExceededMinTime:0.005]]
[2019.01.31-15.20.38:371][  0]LogConfig: Setting CVar [[s.UseBackgroundLevelStreaming:1]]
[2019.01.31-15.20.38:371][  0]LogConfig: Setting CVar [[s.PriorityAsyncLoadingExtraTime:15.0]]
[2019.01.31-15.20.38:371][  0]LogConfig: Setting CVar [[s.LevelStreamingActorsUpdateTimeLimit:5.0]]
[2019.01.31-15.20.38:371][  0]LogConfig: Setting CVar [[s.PriorityLevelStreamingActorsUpdateExtraTime:5.0]]
[2019.01.31-15.20.38:371][  0]LogConfig: Setting CVar [[s.LevelStreamingComponentsRegistrationGranularity:10]]
[2019.01.31-15.20.38:371][  0]LogConfig: Setting CVar [[s.UnregisterComponentsTimeLimit:1.0]]
[2019.01.31-15.20.38:371][  0]LogConfig: Setting CVar [[s.LevelStreamingComponentsUnregistrationGranularity:5]]
[2019.01.31-15.20.38:371][  0]LogConfig: Applying CVar settings from Section [/Script/Engine.GarbageCollectionSettings] File [D:/Game_Engines/Island_FPS_UE/Saved/Config/Windows/Engine.ini]
[2019.01.31-15.20.38:371][  0]LogConfig: Setting CVar [[gc.MaxObjectsNotConsideredByGC:1]]
[2019.01.31-15.20.38:371][  0]LogConfig: Setting CVar [[gc.SizeOfPermanentObjectPool:0]]
[2019.01.31-15.20.38:372][  0]LogConfig: Setting CVar [[gc.FlushStreamingOnGC:0]]
[2019.01.31-15.20.38:372][  0]LogConfig: Setting CVar [[gc.NumRetriesBeforeForcingGC:10]]
[2019.01.31-15.20.38:372][  0]LogConfig: Setting CVar [[gc.AllowParallelGC:1]]
[2019.01.31-15.20.38:372][  0]LogConfig: Setting CVar [[gc.TimeBetweenPurgingPendingKillObjects:61.1]]
[2019.01.31-15.20.38:372][  0]LogConfig: Setting CVar [[gc.MaxObjectsInEditor:8388607]]
[2019.01.31-15.20.38:372][  0]LogConfig: Setting CVar [[gc.IncrementalBeginDestroyEnabled:1]]
[2019.01.31-15.20.38:372][  0]LogConfig: Setting CVar [[gc.CreateGCClusters:1]]
[2019.01.31-15.20.38:372][  0]LogConfig: Setting CVar [[gc.MergeGCClusters:0]]
[2019.01.31-15.20.38:372][  0]LogConfig: Setting CVar [[gc.MinGCClusterSize:5]]
[2019.01.31-15.20.38:372][  0]LogConfig: Setting CVar [[gc.ActorClusteringEnabled:0]]
[2019.01.31-15.20.38:372][  0]LogConfig: Setting CVar [[gc.BlueprintClusteringEnabled:0]]
[2019.01.31-15.20.38:372][  0]LogConfig: Setting CVar [[gc.UseDisregardForGCOnDedicatedServers:0]]
[2019.01.31-15.20.38:372][  0]LogConfig: Applying CVar settings from Section [/Script/Engine.NetworkSettings] File [D:/Game_Engines/Island_FPS_UE/Saved/Config/Windows/Engine.ini]
[2019.01.31-15.20.38:372][  0]LogConfig: Applying CVar settings from Section [/Script/UnrealEd.CookerSettings] File [D:/Game_Engines/Island_FPS_UE/Saved/Config/Windows/Engine.ini]
[2019.01.31-15.20.38:374][  0]LogConfig: Applying CVar settings from Section [ViewDistanceQuality@3] File [D:/Game_Engines/Island_FPS_UE/Saved/Config/Windows/Scalability.ini]
[2019.01.31-15.20.38:374][  0]LogConfig: Setting CVar [[r.SkeletalMeshLODBias:0]]
[2019.01.31-15.20.38:374][  0]LogConfig: Setting CVar [[r.ViewDistanceScale:1.0]]
[2019.01.31-15.20.38:374][  0]LogConfig: Applying CVar settings from Section [AntiAliasingQuality@3] File [D:/Game_Engines/Island_FPS_UE/Saved/Config/Windows/Scalability.ini]
[2019.01.31-15.20.38:374][  0]LogConfig: Setting CVar [[r.PostProcessAAQuality:4]]
[2019.01.31-15.20.38:374][  0]LogConfig: Applying CVar settings from Section [ShadowQuality@3] File [D:/Game_Engines/Island_FPS_UE/Saved/Config/Windows/Scalability.ini]
[2019.01.31-15.20.38:374][  0]LogConfig: Setting CVar [[r.LightFunctionQuality:1]]
[2019.01.31-15.20.38:374][  0]LogConfig: Setting CVar [[r.ShadowQuality:5]]
[2019.01.31-15.20.38:374][  0]LogConfig: Setting CVar [[r.Shadow.CSM.MaxCascades:10]]
[2019.01.31-15.20.38:374][  0]LogConfig: Setting CVar [[r.Shadow.MaxResolution:2048]]
[2019.01.31-15.20.38:374][  0]LogConfig: Setting CVar [[r.Shadow.MaxCSMResolution:2048]]
[2019.01.31-15.20.38:374][  0]LogConfig: Setting CVar [[r.Shadow.RadiusThreshold:0.01]]
[2019.01.31-15.20.38:374][  0]LogConfig: Setting CVar [[r.Shadow.DistanceScale:1.0]]
[2019.01.31-15.20.38:374][  0]LogConfig: Setting CVar [[r.Shadow.CSM.TransitionScale:1.0]]
[2019.01.31-15.20.38:374][  0]LogConfig: Setting CVar [[r.Shadow.PreShadowResolutionFactor:1.0]]
[2019.01.31-15.20.38:374][  0]LogConfig: Setting CVar [[r.DistanceFieldShadowing:1]]
[2019.01.31-15.20.38:374][  0]LogConfig: Setting CVar [[r.DistanceFieldAO:1]]
[2019.01.31-15.20.38:374][  0]LogConfig: Setting CVar [[r.AOQuality:2]]
[2019.01.31-15.20.38:374][  0]LogConfig: Setting CVar [[r.VolumetricFog:1]]
[2019.01.31-15.20.38:374][  0]LogConfig: Setting CVar [[r.VolumetricFog.GridPixelSize:8]]
[2019.01.31-15.20.38:374][  0]LogConfig: Setting CVar [[r.VolumetricFog.GridSizeZ:128]]
[2019.01.31-15.20.38:374][  0]LogConfig: Setting CVar [[r.VolumetricFog.HistoryMissSupersampleCount:4]]
[2019.01.31-15.20.38:374][  0]LogConfig: Setting CVar [[r.LightMaxDrawDistanceScale:1]]
[2019.01.31-15.20.38:374][  0]LogConfig: Setting CVar [[r.CapsuleShadows:1]]
[2019.01.31-15.20.38:374][  0]LogConfig: Applying CVar settings from Section [PostProcessQuality@3] File [D:/Game_Engines/Island_FPS_UE/Saved/Config/Windows/Scalability.ini]
[2019.01.31-15.20.38:374][  0]LogConfig: Setting CVar [[r.MotionBlurQuality:4]]
[2019.01.31-15.20.38:374][  0]LogConfig: Setting CVar [[r.AmbientOcclusionMipLevelFactor:0.4]]
[2019.01.31-15.20.38:374][  0]LogConfig: Setting CVar [[r.AmbientOcclusionMaxQuality:100]]
[2019.01.31-15.20.38:374][  0]LogConfig: Setting CVar [[r.AmbientOcclusionLevels:-1]]
[2019.01.31-15.20.38:374][  0]LogConfig: Setting CVar [[r.AmbientOcclusionRadiusScale:1.0]]
[2019.01.31-15.20.38:374][  0]LogConfig: Setting CVar [[r.DepthOfFieldQuality:2]]
[2019.01.31-15.20.38:374][  0]LogConfig: Setting CVar [[r.RenderTargetPoolMin:400]]
[2019.01.31-15.20.38:374][  0]LogConfig: Setting CVar [[r.LensFlareQuality:2]]
[2019.01.31-15.20.38:374][  0]LogConfig: Setting CVar [[r.SceneColorFringeQuality:1]]
[2019.01.31-15.20.38:374][  0]LogConfig: Setting CVar [[r.EyeAdaptationQuality:2]]
[2019.01.31-15.20.38:374][  0]LogConfig: Setting CVar [[r.BloomQuality:5]]
[2019.01.31-15.20.38:374][  0]LogConfig: Setting CVar [[r.FastBlurThreshold:100]]
[2019.01.31-15.20.38:374][  0]LogConfig: Setting CVar [[r.Upscale.Quality:3]]
[2019.01.31-15.20.38:374][  0]LogConfig: Setting CVar [[r.Tonemapper.GrainQuantization:1]]
[2019.01.31-15.20.38:374][  0]LogConfig: Setting CVar [[r.LightShaftQuality:1]]
[2019.01.31-15.20.38:374][  0]LogConfig: Setting CVar [[r.Filter.SizeScale:1]]
[2019.01.31-15.20.38:374][  0]LogConfig: Setting CVar [[r.Tonemapper.Quality:5]]
[2019.01.31-15.20.38:374][  0]LogConfig: Setting CVar [[r.DOF.Gather.AccumulatorQuality:1        ; higher gathering accumulator quality]]
[2019.01.31-15.20.38:374][  0]LogConfig: Setting CVar [[r.DOF.Gather.PostfilterMethod:1          ; Median3x3 postfilering method]]
[2019.01.31-15.20.38:374][  0]LogConfig: Setting CVar [[r.DOF.Gather.EnableBokehSettings:0       ; no bokeh simulation when gathering]]
[2019.01.31-15.20.38:374][  0]LogConfig: Setting CVar [[r.DOF.Gather.RingCount:4                 ; medium number of samples when gathering]]
[2019.01.31-15.20.38:374][  0]LogConfig: Setting CVar [[r.DOF.Scatter.ForegroundCompositing:1    ; additive foreground scattering]]
[2019.01.31-15.20.38:374][  0]LogConfig: Setting CVar [[r.DOF.Scatter.BackgroundCompositing:2    ; additive background scattering]]
[2019.01.31-15.20.38:374][  0]LogConfig: Setting CVar [[r.DOF.Scatter.EnableBokehSettings:1      ; bokeh simulation when scattering]]
[2019.01.31-15.20.38:374][  0]LogConfig: Setting CVar [[r.DOF.Scatter.MaxSpriteRatio:0.1         ; only a maximum of 10% of scattered bokeh]]
[2019.01.31-15.20.38:374][  0]LogConfig: Setting CVar [[r.DOF.Recombine.Quality:1                ; cheap slight out of focus]]
[2019.01.31-15.20.38:374][  0]LogConfig: Setting CVar [[r.DOF.Recombine.EnableBokehSettings:0    ; no bokeh simulation on slight out of focus]]
[2019.01.31-15.20.38:374][  0]LogConfig: Setting CVar [[r.DOF.TemporalAAQuality:1                ; more stable temporal accumulation]]
[2019.01.31-15.20.38:374][  0]LogConfig: Setting CVar [[r.DOF.Kernel.MaxForegroundRadius:0.025]]
[2019.01.31-15.20.38:374][  0]LogConfig: Setting CVar [[r.DOF.Kernel.MaxBackgroundRadius:0.025]]
[2019.01.31-15.20.38:375][  0]LogConfig: Applying CVar settings from Section [TextureQuality@3] File [D:/Game_Engines/Island_FPS_UE/Saved/Config/Windows/Scalability.ini]
[2019.01.31-15.20.38:375][  0]LogConfig: Setting CVar [[r.Streaming.MipBias:0]]
[2019.01.31-15.20.38:375][  0]LogConfig: Setting CVar [[r.Streaming.AmortizeCPUToGPUCopy:0]]
[2019.01.31-15.20.38:375][  0]LogConfig: Setting CVar [[r.Streaming.MaxNumTexturesToStreamPerFrame:0]]
[2019.01.31-15.20.38:375][  0]LogConfig: Setting CVar [[r.Streaming.Boost:1]]
[2019.01.31-15.20.38:375][  0]LogConfig: Setting CVar [[r.MaxAnisotropy:8]]
[2019.01.31-15.20.38:375][  0]LogConfig: Setting CVar [[r.Streaming.LimitPoolSizeToVRAM:0]]
[2019.01.31-15.20.38:375][  0]LogConfig: Setting CVar [[r.Streaming.PoolSize:1000]]
[2019.01.31-15.20.38:375][  0]LogConfig: Setting CVar [[r.Streaming.MaxEffectiveScreenSize:0]]
[2019.01.31-15.20.38:375][  0]LogConfig: Applying CVar settings from Section [EffectsQuality@3] File [D:/Game_Engines/Island_FPS_UE/Saved/Config/Windows/Scalability.ini]
[2019.01.31-15.20.38:375][  0]LogConfig: Setting CVar [[r.TranslucencyLightingVolumeDim:64]]
[2019.01.31-15.20.38:375][  0]LogConfig: Setting CVar [[r.RefractionQuality:2]]
[2019.01.31-15.20.38:375][  0]LogConfig: Setting CVar [[r.SSR.Quality:3]]
[2019.01.31-15.20.38:375][  0]LogConfig: Setting CVar [[r.SceneColorFormat:4]]
[2019.01.31-15.20.38:375][  0]LogConfig: Setting CVar [[r.DetailMode:2]]
[2019.01.31-15.20.38:375][  0]LogConfig: Setting CVar [[r.TranslucencyVolumeBlur:1]]
[2019.01.31-15.20.38:375][  0]LogConfig: Setting CVar [[r.MaterialQualityLevel:1 ; High quality]]
[2019.01.31-15.20.38:375][  0]LogConfig: Setting CVar [[r.SSS.Scale:1]]
[2019.01.31-15.20.38:375][  0]LogConfig: Setting CVar [[r.SSS.SampleSet:2]]
[2019.01.31-15.20.38:375][  0]LogConfig: Setting CVar [[r.SSS.Quality:1]]
[2019.01.31-15.20.38:375][  0]LogConfig: Setting CVar [[r.SSS.HalfRes:1]]
[2019.01.31-15.20.38:375][  0]LogConfig: Setting CVar [[r.EmitterSpawnRateScale:1.0]]
[2019.01.31-15.20.38:375][  0]LogConfig: Setting CVar [[r.ParticleLightQuality:2]]
[2019.01.31-15.20.38:375][  0]LogConfig: Applying CVar settings from Section [FoliageQuality@3] File [D:/Game_Engines/Island_FPS_UE/Saved/Config/Windows/Scalability.ini]
[2019.01.31-15.20.38:375][  0]LogConfig: Setting CVar [[foliage.DensityScale:1.0]]
[2019.01.31-15.20.38:375][  0]LogConfig: Setting CVar [[grass.DensityScale:1.0]]
[2019.01.31-15.20.38:375][  0]LogInit: Selected Device Profile: [Windows]
[2019.01.31-15.20.38:375][  0]LogInit: Applying CVar settings loaded from the selected device profile: [Windows]
[2019.01.31-15.20.38:383][  0]LogHAL: Display: Platform has ~ 16 GB [17057173504 / 17179869184 / 16], which maps to Larger [LargestMinGB=32, LargerMinGB=12, DefaultMinGB=8, SmallerMinGB=6, SmallestMinGB=0)
[2019.01.31-15.20.38:383][  0]LogConfig: Setting CVar [[r.Vulkan.UseRealUBs:1]]
[2019.01.31-15.20.38:383][  0]LogInit: Going up to parent DeviceProfile []
[2019.01.31-15.20.38:383][  0]LogConfig: Applying CVar settings from Section [ViewDistanceQuality@1] File [D:/Game_Engines/Island_FPS_UE/Saved/Config/Windows/Scalability.ini]
[2019.01.31-15.20.38:383][  0]LogConfig: Setting CVar [[r.SkeletalMeshLODBias:1]]
[2019.01.31-15.20.38:383][  0]LogConfig: Setting CVar [[r.ViewDistanceScale:0.6]]
[2019.01.31-15.20.38:383][  0]LogConfig: Applying CVar settings from Section [AntiAliasingQuality@1] File [D:/Game_Engines/Island_FPS_UE/Saved/Config/Windows/Scalability.ini]
[2019.01.31-15.20.38:383][  0]LogConfig: Setting CVar [[r.PostProcessAAQuality:2]]
[2019.01.31-15.20.38:383][  0]LogConfig: Applying CVar settings from Section [ShadowQuality@1] File [D:/Game_Engines/Island_FPS_UE/Saved/Config/Windows/Scalability.ini]
[2019.01.31-15.20.38:383][  0]LogConfig: Setting CVar [[r.LightFunctionQuality:1]]
[2019.01.31-15.20.38:383][  0]LogConfig: Setting CVar [[r.ShadowQuality:3]]
[2019.01.31-15.20.38:383][  0]LogConfig: Setting CVar [[r.Shadow.CSM.MaxCascades:1]]
[2019.01.31-15.20.38:383][  0]LogConfig: Setting CVar [[r.Shadow.MaxResolution:1024]]
[2019.01.31-15.20.38:383][  0]LogConfig: Setting CVar [[r.Shadow.MaxCSMResolution:1024]]
[2019.01.31-15.20.38:383][  0]LogConfig: Setting CVar [[r.Shadow.RadiusThreshold:0.05]]
[2019.01.31-15.20.38:383][  0]LogConfig: Setting CVar [[r.Shadow.DistanceScale:0.7]]
[2019.01.31-15.20.38:383][  0]LogConfig: Setting CVar [[r.Shadow.CSM.TransitionScale:0.25]]
[2019.01.31-15.20.38:383][  0]LogConfig: Setting CVar [[r.Shadow.PreShadowResolutionFactor:0.5]]
[2019.01.31-15.20.38:383][  0]LogConfig: Setting CVar [[r.DistanceFieldShadowing:0]]
[2019.01.31-15.20.38:383][  0]LogConfig: Setting CVar [[r.DistanceFieldAO:0]]
[2019.01.31-15.20.38:383][  0]LogConfig: Setting CVar [[r.VolumetricFog:0]]
[2019.01.31-15.20.38:383][  0]LogConfig: Setting CVar [[r.LightMaxDrawDistanceScale:.5]]
[2019.01.31-15.20.38:383][  0]LogConfig: Setting CVar [[r.CapsuleShadows:1]]
[2019.01.31-15.20.38:383][  0]LogConfig: Applying CVar settings from Section [PostProcessQuality@1] File [D:/Game_Engines/Island_FPS_UE/Saved/Config/Windows/Scalability.ini]
[2019.01.31-15.20.38:383][  0]LogConfig: Setting CVar [[r.MotionBlurQuality:3]]
[2019.01.31-15.20.38:383][  0]LogConfig: Setting CVar [[r.AmbientOcclusionMipLevelFactor:1.0]]
[2019.01.31-15.20.38:383][  0]LogConfig: Setting CVar [[r.AmbientOcclusionMaxQuality:60]]
[2019.01.31-15.20.38:383][  0]LogConfig: Setting CVar [[r.AmbientOcclusionLevels:-1]]
[2019.01.31-15.20.38:383][  0]LogConfig: Setting CVar [[r.AmbientOcclusionRadiusScale:1.5]]
[2019.01.31-15.20.38:383][  0]LogConfig: Setting CVar [[r.DepthOfFieldQuality:1]]
[2019.01.31-15.20.38:383][  0]LogConfig: Setting CVar [[r.RenderTargetPoolMin:350]]
[2019.01.31-15.20.38:383][  0]LogConfig: Setting CVar [[r.LensFlareQuality:0]]
[2019.01.31-15.20.38:383][  0]LogConfig: Setting CVar [[r.SceneColorFringeQuality:0]]
[2019.01.31-15.20.38:383][  0]LogConfig: Setting CVar [[r.EyeAdaptationQuality:0]]
[2019.01.31-15.20.38:383][  0]LogConfig: Setting CVar [[r.BloomQuality:4]]
[2019.01.31-15.20.38:383][  0]LogConfig: Setting CVar [[r.FastBlurThreshold:2]]
[2019.01.31-15.20.38:383][  0]LogConfig: Setting CVar [[r.Upscale.Quality:2]]
[2019.01.31-15.20.38:383][  0]LogConfig: Setting CVar [[r.Tonemapper.GrainQuantization:0]]
[2019.01.31-15.20.38:383][  0]LogConfig: Setting CVar [[r.LightShaftQuality:0]]
[2019.01.31-15.20.38:383][  0]LogConfig: Setting CVar [[r.Filter.SizeScale:0.7]]
[2019.01.31-15.20.38:383][  0]LogConfig: Setting CVar [[r.Tonemapper.Quality:2]]
[2019.01.31-15.20.38:383][  0]LogConfig: Setting CVar [[r.DOF.Gather.AccumulatorQuality:0        ; lower gathering accumulator quality]]
[2019.01.31-15.20.38:383][  0]LogConfig: Setting CVar [[r.DOF.Gather.PostfilterMethod:2          ; Max3x3 postfilering method]]
[2019.01.31-15.20.38:383][  0]LogConfig: Setting CVar [[r.DOF.Gather.EnableBokehSettings:0       ; no bokeh simulation when gathering]]
[2019.01.31-15.20.38:383][  0]LogConfig: Setting CVar [[r.DOF.Gather.RingCount:3                 ; low number of samples when gathering]]
[2019.01.31-15.20.38:383][  0]LogConfig: Setting CVar [[r.DOF.Scatter.ForegroundCompositing:0    ; no foreground scattering]]
[2019.01.31-15.20.38:383][  0]LogConfig: Setting CVar [[r.DOF.Scatter.BackgroundCompositing:0    ; no foreground scattering]]
[2019.01.31-15.20.38:383][  0]LogConfig: Setting CVar [[r.DOF.Recombine.Quality:0                ; no slight out of focus]]
[2019.01.31-15.20.38:383][  0]LogConfig: Setting CVar [[r.DOF.TemporalAAQuality:0                ; faster temporal accumulation]]
[2019.01.31-15.20.38:383][  0]LogConfig: Setting CVar [[r.DOF.Kernel.MaxForegroundRadius:0.006   ; required because low gathering and no scattering and not looking great at 1080p]]
[2019.01.31-15.20.38:383][  0]LogConfig: Setting CVar [[r.DOF.Kernel.MaxBackgroundRadius:0.006   ; required because low gathering and no scattering and not looking great at 1080p]]
[2019.01.31-15.20.38:383][  0]LogConfig: Applying CVar settings from Section [TextureQuality@1] File [D:/Game_Engines/Island_FPS_UE/Saved/Config/Windows/Scalability.ini]
[2019.01.31-15.20.38:383][  0]LogConfig: Setting CVar [[r.Streaming.MipBias:1]]
[2019.01.31-15.20.38:383][  0]LogConfig: Setting CVar [[r.Streaming.AmortizeCPUToGPUCopy:0]]
[2019.01.31-15.20.38:383][  0]LogConfig: Setting CVar [[r.Streaming.MaxNumTexturesToStreamPerFrame:0]]
[2019.01.31-15.20.38:383][  0]LogConfig: Setting CVar [[r.Streaming.Boost:1]]
[2019.01.31-15.20.38:383][  0]LogConfig: Setting CVar [[r.MaxAnisotropy:2]]
[2019.01.31-15.20.38:383][  0]LogConfig: Setting CVar [[r.Streaming.LimitPoolSizeToVRAM:1]]
[2019.01.31-15.20.38:383][  0]LogConfig: Setting CVar [[r.Streaming.PoolSize:600]]
[2019.01.31-15.20.38:383][  0]LogConfig: Setting CVar [[r.Streaming.MaxEffectiveScreenSize:0]]
[2019.01.31-15.20.38:383][  0]LogConfig: Applying CVar settings from Section [EffectsQuality@1] File [D:/Game_Engines/Island_FPS_UE/Saved/Config/Windows/Scalability.ini]
[2019.01.31-15.20.38:383][  0]LogConfig: Setting CVar [[r.TranslucencyLightingVolumeDim:32]]
[2019.01.31-15.20.38:383][  0]LogConfig: Setting CVar [[r.RefractionQuality:0]]
[2019.01.31-15.20.38:383][  0]LogConfig: Setting CVar [[r.SSR.Quality:0]]
[2019.01.31-15.20.38:383][  0]LogConfig: Setting CVar [[r.SceneColorFormat:3]]
[2019.01.31-15.20.38:383][  0]LogConfig: Setting CVar [[r.DetailMode:1]]
[2019.01.31-15.20.38:384][  0]LogConfig: Setting CVar [[r.TranslucencyVolumeBlur:0]]
[2019.01.31-15.20.38:384][  0]LogConfig: Setting CVar [[r.MaterialQualityLevel:2 ; Medium quality]]
[2019.01.31-15.20.38:384][  0]LogConfig: Setting CVar [[r.SSS.Scale:0.75]]
[2019.01.31-15.20.38:384][  0]LogConfig: Setting CVar [[r.SSS.SampleSet:0]]
[2019.01.31-15.20.38:384][  0]LogConfig: Setting CVar [[r.SSS.Quality:0]]
[2019.01.31-15.20.38:384][  0]LogConfig: Setting CVar [[r.SSS.HalfRes:1]]
[2019.01.31-15.20.38:384][  0]LogConfig: Setting CVar [[r.EmitterSpawnRateScale:0.25]]
[2019.01.31-15.20.38:384][  0]LogConfig: Setting CVar [[r.ParticleLightQuality:0]]
[2019.01.31-15.20.38:384][  0]LogConfig: Applying CVar settings from Section [FoliageQuality@1] File [D:/Game_Engines/Island_FPS_UE/Saved/Config/Windows/Scalability.ini]
[2019.01.31-15.20.38:384][  0]LogConfig: Setting CVar [[foliage.DensityScale:0.4]]
[2019.01.31-15.20.38:384][  0]LogConfig: Setting CVar [[grass.DensityScale:0.4]]
[2019.01.31-15.20.38:384][  0]LogConfig: Applying CVar settings from Section [Startup] File [../../../Engine/Config/ConsoleVariables.ini]
[2019.01.31-15.20.38:384][  0]LogConfig: Setting CVar [[net.UseAdaptiveNetUpdateFrequency:0]]
[2019.01.31-15.20.38:384][  0]LogConfig: Applying CVar settings from Section [ConsoleVariables] File [D:/Game_Engines/Island_FPS_UE/Saved/Config/Windows/Engine.ini]
[2019.01.31-15.20.38:384][  0]LogInit: Computer: DESKTOP-ISRVTHC
[2019.01.31-15.20.38:384][  0]LogInit: User: alex
[2019.01.31-15.20.38:384][  0]LogInit: CPU Page size=4096, Cores=2
[2019.01.31-15.20.38:384][  0]LogInit: High frequency timer resolution =2.835936 MHz
[2019.01.31-15.20.38:384][  0]LogMemory: Memory total: Physical=15.9GB (16GB approx)
[2019.01.31-15.20.38:384][  0]LogMemory: Platform Memory Stats for Windows
[2019.01.31-15.20.38:384][  0]LogMemory: Process Physical Memory: 102.45 MB used, 102.45 MB peak
[2019.01.31-15.20.38:384][  0]LogMemory: Process Virtual Memory: 84.48 MB used, 84.48 MB peak
[2019.01.31-15.20.38:384][  0]LogMemory: Physical Memory: 3559.39 MB used,  12707.60 MB free, 16266.99 MB total
[2019.01.31-15.20.38:384][  0]LogMemory: Virtual Memory: 4623.98 MB used,  134213104.00 MB free, 134217728.00 MB total
[2019.01.31-15.20.38:404][  0]LogInit: Using OS detected language (de-DE).
[2019.01.31-15.20.38:404][  0]LogInit: Using OS detected locale (de-DE).
[2019.01.31-15.20.38:405][  0]LogTextLocalizationManager: No specific localization for 'de-DE' exists, so the 'de' localization will be used.
[2019.01.31-15.20.38:406][  0]LogStreaming: Display: Took  0.002s to InitEngineTextLocalization.
[2019.01.31-15.20.38:406][  0]LogInit: Setting process to per monitor DPI aware
[2019.01.31-15.20.38:440][  0]LogSlate: New Slate User Created.  User Index 0, Is Virtual User: 0
[2019.01.31-15.20.38:440][  0]LogSlate: Slate User Registered.  User Index 0, Is Virtual User: 0
[2019.01.31-15.20.38:662][  0]LogHMD: Failed to initialize OpenVR with code 110
[2019.01.31-15.20.38:662][  0]LogD3D11RHI: D3D11 adapters:
[2019.01.31-15.20.38:693][  0]LogD3D11RHI:    0. 'NVIDIA GeForce GTX 960M' (Feature Level 11_0)
[2019.01.31-15.20.38:693][  0]LogD3D11RHI:       4064/0/8133 MB DedicatedVideo/DedicatedSystem/SharedSystem, Outputs:1, VendorId:0x10de
[2019.01.31-15.20.38:700][  0]LogD3D11RHI:    1. 'Intel(R) HD Graphics 620' (Feature Level 11_0)
[2019.01.31-15.20.38:700][  0]LogD3D11RHI:       128/0/8133 MB DedicatedVideo/DedicatedSystem/SharedSystem, Outputs:0, VendorId:0x8086
[2019.01.31-15.20.38:703][  0]LogD3D11RHI:    2. 'Microsoft Basic Render Driver' (Feature Level 11_0)
[2019.01.31-15.20.38:703][  0]LogD3D11RHI:       0/0/8133 MB DedicatedVideo/DedicatedSystem/SharedSystem, Outputs:0, VendorId:0x1414
[2019.01.31-15.20.38:703][  0]LogD3D11RHI: Chosen D3D11 Adapter: 0
[2019.01.31-15.20.38:728][  0]LogD3D11RHI: Creating new Direct3DDevice
[2019.01.31-15.20.38:728][  0]LogD3D11RHI:     GPU DeviceId: 0x139b (for the marketing name, search the web for "GPU Device Id")
[2019.01.31-15.20.38:728][  0]LogWindows: EnumDisplayDevices:
[2019.01.31-15.20.38:728][  0]LogWindows:    0. 'Intel(R) HD Graphics 620' (P:1 D:1)
[2019.01.31-15.20.38:728][  0]LogWindows:    1. 'Intel(R) HD Graphics 620' (P:0 D:0)
[2019.01.31-15.20.38:728][  0]LogWindows:    2. 'Intel(R) HD Graphics 620' (P:0 D:0)
[2019.01.31-15.20.38:729][  0]LogWindows: DebugString: PrimaryIsNotTheChoosenAdapter PrimaryIsNotTheChoosenAdapter PrimaryIsNotTheChoosenAdapter FoundDriverCount:0 
[2019.01.31-15.20.38:729][  0]LogD3D11RHI:     Adapter Name: NVIDIA GeForce GTX 960M
[2019.01.31-15.20.38:729][  0]LogD3D11RHI:   Driver Version: Unknown (internal:Unknown, unified:Unknown)
[2019.01.31-15.20.38:729][  0]LogD3D11RHI:      Driver Date: Unknown
[2019.01.31-15.20.38:729][  0]LogRHI: Texture pool is 2845 MB (70% of 4064 MB)
[2019.01.31-15.20.38:744][  0]LogD3D11RHI: Async texture creation enabled
[2019.01.31-15.20.38:761][  0]LogD3D11RHI: GPU Timing Frequency: 1000.000000 (Debug: 2 2)
[2019.01.31-15.20.39:095][  0]LogTemp: Display: Loaded TP AllDesktopTargetPlatform
[2019.01.31-15.20.39:107][  0]LogTemp: Display: Loaded TP MacClientTargetPlatform
[2019.01.31-15.20.39:118][  0]LogTemp: Display: Loaded TP MacNoEditorTargetPlatform
[2019.01.31-15.20.39:130][  0]LogTemp: Display: Loaded TP MacServerTargetPlatform
[2019.01.31-15.20.39:142][  0]LogTemp: Display: Loaded TP MacTargetPlatform
[2019.01.31-15.20.39:153][  0]LogTemp: Display: Loaded TP WindowsClientTargetPlatform
[2019.01.31-15.20.39:165][  0]LogTemp: Display: Loaded TP WindowsNoEditorTargetPlatform
[2019.01.31-15.20.39:176][  0]LogTemp: Display: Loaded TP WindowsServerTargetPlatform
[2019.01.31-15.20.39:181][  0]LogTemp: Display: Loaded TP WindowsTargetPlatform
[2019.01.31-15.20.39:249][  0]LogTemp: Display: Loaded TP AndroidTargetPlatform
[2019.01.31-15.20.39:249][  0]LogTemp: Display: Loaded TP AndroidTargetPlatform
[2019.01.31-15.20.39:249][  0]LogTemp: Display: Loaded TP AndroidTargetPlatform
[2019.01.31-15.20.39:249][  0]LogTemp: Display: Loaded TP AndroidTargetPlatform
[2019.01.31-15.20.39:249][  0]LogTemp: Display: Loaded TP AndroidTargetPlatform
[2019.01.31-15.20.39:249][  0]LogTemp: Display: Loaded TP AndroidTargetPlatform
[2019.01.31-15.20.39:249][  0]LogTemp: Display: Loaded TP AndroidTargetPlatform
[2019.01.31-15.20.39:249][  0]LogTemp: Display: Loaded TP AndroidTargetPlatform
[2019.01.31-15.20.39:249][  0]LogTemp: Display: Loaded TP AndroidTargetPlatform
[2019.01.31-15.20.39:249][  0]LogTemp: Display: Loaded TP AndroidTargetPlatform
[2019.01.31-15.20.39:249][  0]LogTemp: Display: Loaded TP AndroidTargetPlatform
[2019.01.31-15.20.39:249][  0]LogTemp: Display: Loaded TP AndroidTargetPlatform
[2019.01.31-15.20.39:249][  0]LogTemp: Display: Loaded TP AndroidTargetPlatform
[2019.01.31-15.20.39:249][  0]LogTemp: Display: Loaded TP AndroidTargetPlatform
[2019.01.31-15.20.39:249][  0]LogTemp: Display: Loaded TP AndroidTargetPlatform
[2019.01.31-15.20.39:249][  0]LogTemp: Display: Loaded TP AndroidTargetPlatform
[2019.01.31-15.20.39:249][  0]LogTemp: Display: Loaded TP AndroidTargetPlatform
[2019.01.31-15.20.39:249][  0]LogTemp: Display: Loaded TP AndroidTargetPlatform
[2019.01.31-15.20.39:251][  0]LogTemp: Display: Loaded TP HTML5TargetPlatform
[2019.01.31-15.20.39:310][  0]LogTemp: Display: Loaded TP IOSTargetPlatform
[2019.01.31-15.20.39:310][  0]LogTemp: Display: Loaded TP IOSTargetPlatform
[2019.01.31-15.20.39:335][  0]LogTemp: Display: Loaded TP TVOSTargetPlatform
[2019.01.31-15.20.39:335][  0]LogTemp: Display: Loaded TP TVOSTargetPlatform
[2019.01.31-15.20.39:347][  0]LogTemp: Display: Loaded TP LinuxClientTargetPlatform
[2019.01.31-15.20.39:363][  0]LogTemp: Display: Loaded TP LinuxNoEditorTargetPlatform
[2019.01.31-15.20.39:375][  0]LogTemp: Display: Loaded TP LinuxServerTargetPlatform
[2019.01.31-15.20.39:392][  0]LogTemp: Display: Loaded TP LinuxTargetPlatform
[2019.01.31-15.20.39:448][  0]LogTemp: Display: Loaded TP LuminTargetPlatform
[2019.01.31-15.20.39:448][  0]LogTemp: Display: Loaded TP LuminTargetPlatform
[2019.01.31-15.20.39:448][  0]LogTargetPlatformManager: Display: Building Assets For Windows
[2019.01.31-15.20.39:501][  0]LogShaderCompilers: Guid format shader working directory is 5 characters bigger than the processId version (../../../../../Game_Engines/Island_FPS_UE/Intermediate/Shaders/WorkingDirectory/7840/).
[2019.01.31-15.20.39:501][  0]LogShaderCompilers: Cleaned the shader compiler working directory 'C:/Users/alex-/AppData/Local/Temp/UnrealShaderWorkingDir/15E5BC9D4B7D62069C08BD841EE3481C/'.
[2019.01.31-15.20.39:503][  0]LogXGEController: Cannot use XGE Controller as Incredibuild is not installed on this machine.
[2019.01.31-15.20.39:503][  0]LogShaderCompilers: Cannot use XGE Shader Compiler as Incredibuild is not installed on this machine.
[2019.01.31-15.20.39:503][  0]LogShaderCompilers: Display: Using Local Shader Compiler.
[2019.01.31-15.20.39:986][  0]LogDerivedDataCache: Display: Max Cache Size: 512 MB
[2019.01.31-15.20.40:033][  0]LogDerivedDataCache: Loaded boot cache 0.05s 71MB C:/Users/alex-/AppData/Local/UnrealEngine/4.21/DerivedDataCache/Boot.ddc.
[2019.01.31-15.20.40:033][  0]LogDerivedDataCache: Display: Loaded Boot cache: C:/Users/alex-/AppData/Local/UnrealEngine/4.21/DerivedDataCache/Boot.ddc
[2019.01.31-15.20.40:033][  0]LogDerivedDataCache: FDerivedDataBackendGraph:  Pak pak cache file ../../../../../Game_Engines/Island_FPS_UE/DerivedDataCache/DDC.ddp not found, will not use a pak cache.
[2019.01.31-15.20.40:033][  0]LogDerivedDataCache: Unable to find inner node Pak for hierarchical cache Hierarchy.
[2019.01.31-15.20.40:033][  0]LogDerivedDataCache: FDerivedDataBackendGraph:  CompressedPak pak cache file ../../../../../Game_Engines/Island_FPS_UE/DerivedDataCache/Compressed.ddp not found, will not use a pak cache.
[2019.01.31-15.20.40:033][  0]LogDerivedDataCache: Unable to find inner node CompressedPak for hierarchical cache Hierarchy.
[2019.01.31-15.20.40:045][  0]LogDerivedDataCache: Display: Pak cache opened for reading ../../../Engine/DerivedDataCache/Compressed.ddp.
[2019.01.31-15.20.40:046][  0]LogDerivedDataCache: FDerivedDataBackendGraph:  EnterprisePak pak cache file ../../../Enterprise/DerivedDataCache/Compressed.ddp not found, will not use a pak cache.
[2019.01.31-15.20.40:046][  0]LogDerivedDataCache: Unable to find inner node EnterprisePak for hierarchical cache Hierarchy.
[2019.01.31-15.20.40:058][  0]LogDerivedDataCache: Using Local data cache path C:/Users/alex-/AppData/Local/UnrealEngine/Common/DerivedDataCache: Writable
[2019.01.31-15.20.40:058][  0]LogDerivedDataCache: Shared data cache path not found in *engine.ini, will not use an Shared cache.
[2019.01.31-15.20.40:058][  0]LogDerivedDataCache: Unable to find inner node Shared for hierarchical cache Hierarchy.
[2019.01.31-15.20.40:079][  0]LogMaterial: Verifying Global Shaders for PCD3D_SM5
[2019.01.31-15.20.40:081][  0]LogSlate: Using FreeType 2.6.0
[2019.01.31-15.20.40:081][  0]LogSlate: SlateFontServices - WITH_FREETYPE: 1, WITH_HARFBUZZ: 1
[2019.01.31-15.20.40:161][  0]LogAssetRegistry: FAssetRegistry took 0.0318 seconds to start up
[2019.01.31-15.20.40:446][  0]LogInit: Selected Device Profile: [Windows]
[2019.01.31-15.20.40:580][  0]LogSimplygon: Simplygon DLL not present - disabling.
[2019.01.31-15.20.40:584][  0]LogMeshReduction: Using SimplygonSwarm for distributed automatic mesh merging
[2019.01.31-15.20.40:584][  0]LogMeshReduction: Using ProxyLODMeshReduction for automatic mesh merging
[2019.01.31-15.20.40:584][  0]LogMeshReduction: Using QuadricMeshReduction for automatic static mesh reduction
[2019.01.31-15.20.40:584][  0]LogMeshReduction: No automatic skeletal mesh reduction module available
[2019.01.31-15.20.40:596][  0]LogNetVersion: fps_island 1.0.0, NetCL: 4541578, EngineNetVer: 5, GameNetVer: 0 (Checksum: 1149664083)
[2019.01.31-15.20.41:075][  0]LogPackageLocalizationCache: Processed 11 localized package path(s) for 2 prioritized culture(s) in 0.093223 seconds
[2019.01.31-15.20.41:080][  0]LogUObjectArray: 39775 objects as part of root set at end of initial load.
[2019.01.31-15.20.41:080][  0]LogUObjectAllocator: 6914656 out of 0 bytes used by permanent object pool.
[2019.01.31-15.20.41:080][  0]LogUObjectArray: CloseDisregardForGC: 0/0 objects in disregard for GC pool
[2019.01.31-15.20.41:853][  0]LogTcpMessaging: Initializing TcpMessaging bridge
[2019.01.31-15.20.41:867][  0]LogUdpMessaging: Initializing bridge on interface 0.0.0.0:0 to multicast group 230.0.0.1:6666.
[2019.01.31-15.20.42:496][  0]SourceControl: Source control is disabled
[2019.01.31-15.20.42:497][  0]SourceControl: Source control is disabled
[2019.01.31-15.20.42:498][  0]SourceControl: Source control is disabled
[2019.01.31-15.20.42:499][  0]SourceControl: Source control is disabled
[2019.01.31-15.20.42:654][  0]LogAndroidPermission: UAndroidPermissionCallbackProxy::GetInstance
[2019.01.31-15.20.42:701][  0]LogOcInput: OculusInput pre-init called
[2019.01.31-15.20.42:828][  0]LogEngine: Initializing Engine...
[2019.01.31-15.20.42:829][  0]LogHMD: Failed to initialize OpenVR with code 110
[2019.01.31-15.20.42:830][  0]LogStats: UGameplayTagsManager::ConstructGameplayTagTree: ImportINI prefixes -  0.000 s
[2019.01.31-15.20.42:830][  0]LogStats: UGameplayTagsManager::ConstructGameplayTagTree: Construct from data asset -  0.000 s
[2019.01.31-15.20.42:830][  0]LogStats: UGameplayTagsManager::ConstructGameplayTagTree: ImportINI -  0.000 s
[2019.01.31-15.20.42:830][  0]LogStats: UGameplayTagsManager::ConstructGameplayTagTree: GameplayTagTreeChangedEvent.Broadcast -  0.000 s
[2019.01.31-15.20.43:047][  0]LogInit: Initializing FReadOnlyCVARCache
[2019.01.31-15.20.43:056][  0]LogAIModule: Creating AISystem for world Untitled
[2019.01.31-15.20.43:074][  0]LogInit: XAudio2 using 'Lautsprecher (Realtek High Definition Audio)' : 2 channels at 48 kHz using 32 bits per sample (channel mask 0x3)
[2019.01.31-15.20.43:234][  0]LogInit: FAudioDevice initialized.
[2019.01.31-15.20.43:234][  0]LogNetVersion: Set ProjectVersion to 1.0.0.0. Version Checksum will be recalculated on next use.
[2019.01.31-15.20.43:381][  0]LogDerivedDataCache: Saved boot cache 0.15s 71MB C:/Users/alex-/AppData/Local/UnrealEngine/4.21/DerivedDataCache/Boot.ddc.
[2019.01.31-15.20.43:392][  0]LogInit: Texture streaming: Enabled
[2019.01.31-15.20.43:403][  0]LogEngineSessionManager: EngineSessionManager initialized
[2019.01.31-15.20.43:413][  0]LogInit: Transaction tracking system initialized
[2019.01.31-15.20.43:427][  0]BlueprintLog: New page: Editor Load
[2019.01.31-15.20.43:479][  0]LocalizationService: Localization service is disabled
[2019.01.31-15.20.44:280][  0]LogFileCache: Scanning file cache for directory 'D:/Game_Engines/Island_FPS_UE/Content/' took 0.02s
[2019.01.31-15.20.44:280][  0]LogCook: Display: Max memory allowance for cook 16384mb min free memory 0mb
[2019.01.31-15.20.44:280][  0]LogCook: Display: Mobile HDR setting 1
[2019.01.31-15.20.44:280][  0]LogGameplayTags: Display: UGameplayTagsManager::DoneAddingNativeTags. DelegateIsBound: 0
[2019.01.31-15.20.44:280][  0]LogStats: UGameplayTagsManager::ConstructGameplayTagTree: ImportINI prefixes -  0.000 s
[2019.01.31-15.20.44:280][  0]LogStats: UGameplayTagsManager::ConstructGameplayTagTree: Construct from data asset -  0.000 s
[2019.01.31-15.20.44:281][  0]LogStats: UGameplayTagsManager::ConstructGameplayTagTree: ImportINI -  0.000 s
[2019.01.31-15.20.44:281][  0]LogStats: UGameplayTagsManager::ConstructGameplayTagTree: GameplayTagTreeChangedEvent.Broadcast -  0.000 s
[2019.01.31-15.20.44:397][  0]SourceControl: Source control is disabled
[2019.01.31-15.20.44:397][  0]Cmd: MAP LOAD FILE="../../../../../Game_Engines/Island_FPS_UE/Content/FirstPersonBP/Maps/FirstPersonExampleMap.umap" TEMPLATE=0 SHOWPROGRESS=1 FEATURELEVEL=3
[2019.01.31-15.20.44:397][  0]LightingResults: New page: Lighting Build
[2019.01.31-15.20.44:399][  0]MapCheck: New page: Map Check
[2019.01.31-15.20.44:399][  0]LightingResults: New page: Lighting Build
[2019.01.31-15.20.44:931][  0]LogAIModule: Creating AISystem for world FirstPersonExampleMap
[2019.01.31-15.20.44:944][  0]LogEditorServer: Finished looking for orphan Actors (0.000 secs)
[2019.01.31-15.20.44:964][  0]Cmd: MAP CHECKDEP NOCLEARLOG
[2019.01.31-15.20.44:964][  0]MapCheck: Map check complete: 0 Error(s), 0 Warning(s), took 0,108ms to complete.
[2019.01.31-15.20.44:964][  0]LogFileHelpers: Loading map 'FirstPersonExampleMap' took 0.567
[2019.01.31-15.20.45:058][  0]LogSlate: Updating window title bar state: overlay mode, drag disabled, window buttons hidden, title bar hidden
[2019.01.31-15.20.45:066][  0]LogSlate: Updating window title bar state: overlay mode, drag disabled, window buttons hidden, title bar hidden
[2019.01.31-15.20.45:074][  0]LogSlate: Updating window title bar state: overlay mode, drag disabled, window buttons hidden, title bar hidden
[2019.01.31-15.20.45:081][  0]LogSlate: Updating window title bar state: overlay mode, drag disabled, window buttons hidden, title bar hidden
[2019.01.31-15.20.45:085][  0]LogCollectionManager: Loaded 0 collections in 0.000848 seconds
[2019.01.31-15.20.45:100][  0]LogFileCache: Scanning file cache for directory 'D:/Game_Engines/Island_FPS_UE/Saved/Collections/' took 0.01s
[2019.01.31-15.20.45:100][  0]LogFileCache: Scanning file cache for directory 'D:/Game_Engines/Island_FPS_UE/Content/Developers/alex/Collections/' took 0.00s
[2019.01.31-15.20.45:100][  0]LogFileCache: Scanning file cache for directory 'D:/Game_Engines/Island_FPS_UE/Content/Collections/' took 0.00s
[2019.01.31-15.20.45:100][  0]LogCollectionManager: Rebuilt the GUID cache for 0 collections in 0.000000 seconds
[2019.01.31-15.20.45:109][  0]LogContentBrowser: Native class hierarchy populated in 0.0085 seconds. Added 2651 classes and 620 folders.
[2019.01.31-15.20.45:113][  0]LogContentBrowser: Native class hierarchy updated for 'WidgetCarousel' in 0.0002 seconds. Added 0 classes and 0 folders.
[2019.01.31-15.20.45:114][  0]LogPakFile: Registered encryption key '00000000000000000000000000000000': 0 pak files mounted, 0 remain pending
[2019.01.31-15.20.45:115][  0]LogPakFile: Registered encryption key '00000000000000000000000000000000': 0 pak files mounted, 0 remain pending
[2019.01.31-15.20.45:116][  0]LogPakFile: Registered encryption key '00000000000000000000000000000000': 0 pak files mounted, 0 remain pending
[2019.01.31-15.20.45:116][  0]LogPakFile: Registered encryption key '00000000000000000000000000000000': 0 pak files mounted, 0 remain pending
[2019.01.31-15.20.45:116][  0]LogPakFile: Registered encryption key '00000000000000000000000000000000': 0 pak files mounted, 0 remain pending
[2019.01.31-15.20.45:117][  0]LogPakFile: Registered encryption key '00000000000000000000000000000000': 0 pak files mounted, 0 remain pending
[2019.01.31-15.20.45:117][  0]LogPakFile: Registered encryption key '00000000000000000000000000000000': 0 pak files mounted, 0 remain pending
[2019.01.31-15.20.45:117][  0]LogPakFile: Registered encryption key '00000000000000000000000000000000': 0 pak files mounted, 0 remain pending
[2019.01.31-15.20.45:118][  0]LogPakFile: Registered encryption key '00000000000000000000000000000000': 0 pak files mounted, 0 remain pending
[2019.01.31-15.20.45:118][  0]LogPakFile: Registered encryption key '00000000000000000000000000000000': 0 pak files mounted, 0 remain pending
[2019.01.31-15.20.45:118][  0]LogPakFile: Registered encryption key '00000000000000000000000000000000': 0 pak files mounted, 0 remain pending
[2019.01.31-15.20.45:119][  0]LogPakFile: Registered encryption key '00000000000000000000000000000000': 0 pak files mounted, 0 remain pending
[2019.01.31-15.20.45:119][  0]LogPakFile: Registered encryption key '00000000000000000000000000000000': 0 pak files mounted, 0 remain pending
[2019.01.31-15.20.45:120][  0]LogPakFile: Registered encryption key '00000000000000000000000000000000': 0 pak files mounted, 0 remain pending
[2019.01.31-15.20.45:120][  0]LogPakFile: Registered encryption key '00000000000000000000000000000000': 0 pak files mounted, 0 remain pending
[2019.01.31-15.20.45:120][  0]LogPakFile: Registered encryption key '00000000000000000000000000000000': 0 pak files mounted, 0 remain pending
[2019.01.31-15.20.45:121][  0]LogPakFile: Registered encryption key '00000000000000000000000000000000': 0 pak files mounted, 0 remain pending
[2019.01.31-15.20.45:121][  0]LogPakFile: Registered encryption key '00000000000000000000000000000000': 0 pak files mounted, 0 remain pending
[2019.01.31-15.20.45:122][  0]LogPakFile: Registered encryption key '00000000000000000000000000000000': 0 pak files mounted, 0 remain pending
[2019.01.31-15.20.45:122][  0]LogPakFile: Registered encryption key '00000000000000000000000000000000': 0 pak files mounted, 0 remain pending
[2019.01.31-15.20.45:123][  0]LogPakFile: Registered encryption key '00000000000000000000000000000000': 0 pak files mounted, 0 remain pending
[2019.01.31-15.20.45:123][  0]LogPakFile: Registered encryption key '00000000000000000000000000000000': 0 pak files mounted, 0 remain pending
[2019.01.31-15.20.45:123][  0]LogPakFile: Registered encryption key '00000000000000000000000000000000': 0 pak files mounted, 0 remain pending
[2019.01.31-15.20.45:124][  0]LogPakFile: Registered encryption key '00000000000000000000000000000000': 0 pak files mounted, 0 remain pending
[2019.01.31-15.20.45:124][  0]LogPakFile: Registered encryption key '00000000000000000000000000000000': 0 pak files mounted, 0 remain pending
[2019.01.31-15.20.45:125][  0]LogPakFile: Registered encryption key '00000000000000000000000000000000': 0 pak files mounted, 0 remain pending
[2019.01.31-15.20.45:154][  0]LogContentBrowser: Native class hierarchy updated for 'AddContentDialog' in 0.0002 seconds. Added 0 classes and 0 folders.
[2019.01.31-15.20.45:158][  0]LogContentBrowser: Native class hierarchy updated for 'SceneOutliner' in 0.0003 seconds. Added 1 classes and 2 folders.
[2019.01.31-15.20.45:236][  0]LogSlate: Took 0.000179 seconds to synchronously load lazily loaded font '../../../Engine/Content/Slate/Fonts/Roboto-Regular.ttf' (155K)
[2019.01.31-15.20.45:238][  0]LogSlate: Took 0.000175 seconds to synchronously load lazily loaded font '../../../Engine/Content/Slate/Fonts/Roboto-Bold.ttf' (160K)
[2019.01.31-15.20.45:246][  0]LogSlate: Took 0.000162 seconds to synchronously load lazily loaded font '../../../Engine/Content/Editor/Slate/Fonts/FontAwesome.ttf' (139K)
[2019.01.31-15.20.45:322][  0]LogRenderer: Reallocating scene render targets to support 876x484 Format 9 NumSamples 1 (Frame:1).
[2019.01.31-15.20.45:520][  0]LogContentBrowser: Native class hierarchy updated for 'HierarchicalLODOutliner' in 0.0002 seconds. Added 0 classes and 0 folders.
[2019.01.31-15.20.45:520][  0]LogLoad: (Engine Initialization) Total time: 8.60 seconds
[2019.01.31-15.20.45:520][  0]LogLoad: (Engine Initialization) Total Blueprint compile time: 0.00 seconds
[2019.01.31-15.20.45:538][  0]LogWindowsTextInputMethodSystem: Display: IME system now deactivated.
[2019.01.31-15.20.45:617][  0]LogContentStreaming: Texture pool size now 600 MB
[2019.01.31-15.20.45:635][  0]LogSlate: Took 0.000178 seconds to synchronously load lazily loaded font '../../../Engine/Content/Slate/Fonts/Roboto-Light.ttf' (167K)
[2019.01.31-15.20.45:932][  3]LogAssetRegistry: Asset discovery search completed in 5.7932 seconds
[2019.01.31-15.20.45:934][  3]LogCollectionManager: Rebuilt the object cache for 0 collections in 0.000000 seconds (found 0 objects)
[2019.01.31-15.20.45:934][  3]LogCollectionManager: Fixed up redirectors for 0 collections in 0.000059 seconds (updated 0 objects)
[2019.01.31-15.20.50:652][286]LogFileCache: Retrieving MD5 hashes for directory 'D:/Game_Engines/Island_FPS_UE/Content/' took 5.10s
[2019.01.31-15.21.04:221][100]LogSlate: FSceneViewport::OnFocusLost() reason 0
[2019.01.31-15.21.14:391][710]LogSlate: Took 0.000167 seconds to synchronously load lazily loaded font '../../../Engine/Content/Slate/Fonts/Roboto-Light.ttf' (167K)
[2019.01.31-15.21.15:137][710]LogLinker: Warning: Can't find file '/Game/KiteDemo/Environments/Foliage/Flowers/FieldScabious/T_SwirlNoise'
[2019.01.31-15.21.15:137][710]LogLinker: Warning: Can't find file for asset '/Game/KiteDemo/Environments/Foliage/Flowers/FieldScabious/T_SwirlNoise' while loading ../../../../../Game_Engines/Island_FPS_UE/Content/KiteDemo/Environments/Foliage/Flowers/Buttercup/M_Buttercup_Patch_01.uasset.
[2019.01.31-15.21.15:137][710]LoadErrors: Error: /Game/KiteDemo/Environments/Foliage/Flowers/Buttercup/M_Buttercup_Patch_01 : Can't find file for asset. /Game/KiteDemo/Environments/Foliage/Flowers/FieldScabious/T_SwirlNoise
[2019.01.31-15.21.15:137][710]LogLinker: Warning: Can't find file '/Game/KiteDemo/Environments/Foliage/Flowers/FieldScabious/T_SwirlNoise'
[2019.01.31-15.21.15:137][710]LogLinker: Warning: Can't find file for asset '/Game/KiteDemo/Environments/Foliage/Flowers/FieldScabious/T_SwirlNoise' while loading ../../../../../Game_Engines/Island_FPS_UE/Content/KiteDemo/Environments/Foliage/Flowers/Buttercup/M_Buttercup_Patch_01.uasset.
[2019.01.31-15.21.16:021][710]LogLinker: Warning: Can't find file '/Game/KiteDemo/Environments/Foliage/Flowers/FieldScabious/T_SwirlNoise'
[2019.01.31-15.21.16:021][710]LoadErrors: Failed to load /Game/KiteDemo/Environments/Foliage/Flowers/FieldScabious/T_SwirlNoise.T_SwirlNoise Referenced by MaterialExpressionTextureSample_7
[2019.01.31-15.21.16:021][710]LogLinker: Warning: Can't find file for asset '/Game/KiteDemo/Environments/Foliage/Flowers/FieldScabious/T_SwirlNoise' while loading NULL.
[2019.01.31-15.21.16:493][710]LogMaterial: Display: Missing cached shader map for material M_Buttercup_Patch_01, compiling. 
[2019.01.31-15.21.16:494][710]LogMaterial: Warning: D:\Game_Engines\Island_FPS_UE\Content\KiteDemo\Environments\Foliage\Flowers\Buttercup\M_Buttercup_Patch_01.uasset: Failed to compile Material for platform PCD3D_SM5, Default Material will be used in game.
[2019.01.31-15.21.16:495][710]LogMaterial: 	(Node TextureSample) Texture Sample> Missing input texture
[2019.01.31-15.21.16:504][710]LogAIModule: Creating AISystem for world IslandLandscape
[2019.01.31-15.21.16:576][710]LogMaterial: Warning: Material /Game/KiteDemo/Environments/Trees/ScotsPine_01/ScotsPine_01_Branches_Mat.ScotsPine_01_Branches_Mat needed to have new flag set bUsedWithInstancedStaticMeshes !
[2019.01.31-15.21.16:579][710]LogMaterial: Display: Missing cached shader map for material ScotsPine_01_Branches_Mat, compiling. 
[2019.01.31-15.21.16:653][710]MapCheck: Warning: ScotsPine_01_Branches_Mat Material /Game/KiteDemo/Environments/Trees/ScotsPine_01/ScotsPine_01_Branches_Mat.ScotsPine_01_Branches_Mat was missing the usage flag bUsedWithInstancedStaticMeshes. If the material asset is not re-saved, it may not render correctly when run outside the editor. Fix
[2019.01.31-15.21.16:689][710]LogShaderCompilers: Display: Shaders left to compile 87
[2019.01.31-15.21.16:689][710]LogShaderCompilers: Display: Shaders left to compile 77
[2019.01.31-15.21.16:689][710]LogShaderCompilers: Display: Shaders left to compile 67
[2019.01.31-15.21.16:690][710]LogMaterial: Warning: Material /Game/KiteDemo/Environments/Trees/ScotsPine_01/ScotsPine_01_Branches_2_Mat.ScotsPine_01_Branches_2_Mat needed to have new flag set bUsedWithInstancedStaticMeshes !
[2019.01.31-15.21.16:696][710]LogMaterial: Display: Missing cached shader map for material ScotsPine_01_Branches_2_Mat, compiling. 
[2019.01.31-15.21.16:756][710]MapCheck: Warning: ScotsPine_01_Branches_2_Mat Material /Game/KiteDemo/Environments/Trees/ScotsPine_01/ScotsPine_01_Branches_2_Mat.ScotsPine_01_Branches_2_Mat was missing the usage flag bUsedWithInstancedStaticMeshes. If the material asset is not re-saved, it may not render correctly when run outside the editor. Fix
[2019.01.31-15.21.16:756][710]LogMaterial: Warning: Material /Game/KiteDemo/Environments/Trees/ScotsPine_01/ScotsPine_01_Leaves_Mat.ScotsPine_01_Leaves_Mat needed to have new flag set bUsedWithInstancedStaticMeshes !
[2019.01.31-15.21.16:764][710]LogMaterial: Display: Missing cached shader map for material ScotsPine_01_Leaves_Mat, compiling. 
[2019.01.31-15.21.16:830][710]MapCheck: Warning: ScotsPine_01_Leaves_Mat Material /Game/KiteDemo/Environments/Trees/ScotsPine_01/ScotsPine_01_Leaves_Mat.ScotsPine_01_Leaves_Mat was missing the usage flag bUsedWithInstancedStaticMeshes. If the material asset is not re-saved, it may not render correctly when run outside the editor. Fix
[2019.01.31-15.21.16:831][710]LogMaterial: Warning: Material /Game/KiteDemo/Environments/Trees/ScotsPine_01/ScotsPine_01_Fronds_Mat.ScotsPine_01_Fronds_Mat needed to have new flag set bUsedWithInstancedStaticMeshes !
[2019.01.31-15.21.16:837][710]LogMaterial: Display: Missing cached shader map for material ScotsPine_01_Fronds_Mat, compiling. 
[2019.01.31-15.21.16:896][710]MapCheck: Warning: ScotsPine_01_Fronds_Mat Material /Game/KiteDemo/Environments/Trees/ScotsPine_01/ScotsPine_01_Fronds_Mat.ScotsPine_01_Fronds_Mat was missing the usage flag bUsedWithInstancedStaticMeshes. If the material asset is not re-saved, it may not render correctly when run outside the editor. Fix
[2019.01.31-15.21.16:896][710]LogMaterial: Warning: Material /Game/KiteDemo/Environments/Trees/ScotsPine_01/ScotsPine_01_Billboard_Mat.ScotsPine_01_Billboard_Mat needed to have new flag set bUsedWithInstancedStaticMeshes !
[2019.01.31-15.21.16:907][710]LogMaterial: Display: Missing cached shader map for material ScotsPine_01_Billboard_Mat, compiling. 
[2019.01.31-15.21.16:968][710]MapCheck: Warning: ScotsPine_01_Billboard_Mat Material /Game/KiteDemo/Environments/Trees/ScotsPine_01/ScotsPine_01_Billboard_Mat.ScotsPine_01_Billboard_Mat was missing the usage flag bUsedWithInstancedStaticMeshes. If the material asset is not re-saved, it may not render correctly when run outside the editor. Fix
[2019.01.31-15.21.17:016][710]LogAssetEditorManager: Opening Asset editor for World /Game/FirstPersonBP/Maps/IslandLandscape.IslandLandscape
[2019.01.31-15.21.17:059][710]Cmd: MAP LOAD FILE="../../../../../Game_Engines/Island_FPS_UE/Content/FirstPersonBP/Maps/IslandLandscape.umap" TEMPLATE=0 SHOWPROGRESS=1 FEATURELEVEL=3
[2019.01.31-15.21.17:059][710]LightingResults: New page: Lighting Build
[2019.01.31-15.21.17:059][710]LoadErrors: New page: Loading map: IslandLandscape.umap
[2019.01.31-15.21.17:060][710]MapCheck: New page: Map Check
[2019.01.31-15.21.17:060][710]LightingResults: New page: Lighting Build
[2019.01.31-15.21.17:477][710]LogEditorServer: Finished looking for orphan Actors (0.000 secs)
[2019.01.31-15.21.17:591][710]Cmd: MAP CHECKDEP NOCLEARLOG
[2019.01.31-15.21.17:591][710]MapCheck: Map check complete: 0 Error(s), 0 Warning(s), took 0,125ms to complete.
[2019.01.31-15.21.17:591][710]LogFileHelpers: Loading map 'IslandLandscape' took 0.534
[2019.01.31-15.21.22:001][927]LogSlate: Window 'Message Log' being destroyed
[2019.01.31-15.21.22:005][927]LogSlate: Window 'Message Log' being destroyed
[2019.01.31-15.21.22:476][954]LogShaderCompilers: Display: Shaders left to compile 413
[2019.01.31-15.21.23:526][ 16]LogShaderCompilers: Display: Shaders left to compile 403
[2019.01.31-15.21.24:420][ 68]LogShaderCompilers: Display: Shaders left to compile 393
[2019.01.31-15.21.30:834][446]LogShaderCompilers: Display: Shaders left to compile 383
[2019.01.31-15.21.31:615][492]LogShaderCompilers: Display: Shaders left to compile 373
[2019.01.31-15.21.32:605][550]LogShaderCompilers: Display: Shaders left to compile 363
[2019.01.31-15.21.37:539][843]LogShaderCompilers: Display: Shaders left to compile 353
[2019.01.31-15.21.39:794][976]LogShaderCompilers: Display: Shaders left to compile 343
[2019.01.31-15.21.40:373][  7]LogShaderCompilers: Display: Shaders left to compile 333
[2019.01.31-15.21.42:304][120]LogShaderCompilers: Display: Shaders left to compile 323
[2019.01.31-15.21.46:553][368]LogShaderCompilers: Display: Shaders left to compile 313
[2019.01.31-15.21.47:547][426]LogShaderCompilers: Display: Shaders left to compile 303
[2019.01.31-15.21.52:133][697]LogShaderCompilers: Display: Shaders left to compile 293
[2019.01.31-15.21.52:538][721]LogShaderCompilers: Display: Shaders left to compile 283
[2019.01.31-15.21.57:529][ 16]LogShaderCompilers: Display: Shaders left to compile 273
[2019.01.31-15.22.00:751][206]LogShaderCompilers: Display: Shaders left to compile 263
[2019.01.31-15.22.04:702][440]LogShaderCompilers: Display: Shaders left to compile 253
[2019.01.31-15.22.05:515][487]LogShaderCompilers: Display: Shaders left to compile 243
[2019.01.31-15.22.08:798][680]LogShaderCompilers: Display: Shaders left to compile 233
[2019.01.31-15.22.11:840][859]LogShaderCompilers: Display: Shaders left to compile 223
[2019.01.31-15.22.14:532][ 19]LogShaderCompilers: Display: Shaders left to compile 213
[2019.01.31-15.22.19:781][328]LogShaderCompilers: Display: Shaders left to compile 203
[2019.01.31-15.22.20:275][357]LogShaderCompilers: Display: Shaders left to compile 193
[2019.01.31-15.22.24:964][636]LogShaderCompilers: Display: Shaders left to compile 183
[2019.01.31-15.22.27:659][795]LogShaderCompilers: Display: Shaders left to compile 173
[2019.01.31-15.22.32:637][ 91]LogShaderCompilers: Display: Shaders left to compile 163
[2019.01.31-15.22.34:376][194]LogShaderCompilers: Display: Shaders left to compile 153
[2019.01.31-15.22.34:526][203]LogShaderCompilers: Display: Shaders left to compile 143
[2019.01.31-15.22.39:719][508]LogShaderCompilers: Display: Shaders left to compile 133
[2019.01.31-15.22.42:815][690]LogShaderCompilers: Display: Shaders left to compile 123
[2019.01.31-15.22.45:008][821]LogShaderCompilers: Display: Shaders left to compile 113
[2019.01.31-15.22.46:762][925]LogShaderCompilers: Display: Shaders left to compile 103
[2019.01.31-15.22.51:761][220]LogShaderCompilers: Display: Shaders left to compile 93
[2019.01.31-15.22.53:617][330]LogShaderCompilers: Display: Shaders left to compile 83
[2019.01.31-15.22.57:475][558]LogShaderCompilers: Display: Shaders left to compile 73
[2019.01.31-15.22.59:500][677]LogShaderCompilers: Display: Shaders left to compile 63
[2019.01.31-15.23.00:421][729]LogShaderCompilers: Display: Shaders left to compile 53
[2019.01.31-15.23.04:181][950]LogShaderCompilers: Display: Shaders left to compile 43
[2019.01.31-15.23.09:733][278]LogShaderCompilers: Display: Shaders left to compile 33
[2019.01.31-15.23.10:065][298]LogShaderCompilers: Display: Shaders left to compile 23
[2019.01.31-15.23.11:338][373]LogShaderCompilers: Display: Shaders left to compile 13
[2019.01.31-15.23.18:212][783]LogShaderCompilers: Display: Shaders left to compile 3
[2019.01.31-15.23.49:984][582]LogSlate: FSceneViewport::OnFocusLost() reason 0
[2019.01.31-15.23.50:051][586]LogTemp: Repeating last play command: Selected Viewport
[2019.01.31-15.23.50:132][586]LogBlueprintUserMessages: Early PlayInEditor Detection: Level '/Game/FirstPersonBP/Maps/IslandLandscape.IslandLandscape:PersistentLevel' has LevelScriptBlueprint '/Game/FirstPersonBP/Maps/IslandLandscape.IslandLandscape:PersistentLevel.IslandLandscape' with GeneratedClass '/Game/FirstPersonBP/Maps/IslandLandscape.IslandLandscape_C' with ClassGeneratedBy '/Game/FirstPersonBP/Maps/IslandLandscape.IslandLandscape:PersistentLevel.IslandLandscape'
[2019.01.31-15.23.50:132][586]LogPlayLevel: PlayLevel: No blueprints needed recompiling
[2019.01.31-15.23.50:146][586]PIE: New page: PIE session: IslandLandscape (31.01.2019 17:23:50)
[2019.01.31-15.23.50:182][586]LogPlayLevel: Creating play world package: /Game/FirstPersonBP/Maps/UEDPIE_0_IslandLandscape
[2019.01.31-15.23.50:258][586]LogPlayLevel: PIE: StaticDuplicateObject took: (0.075779s)
[2019.01.31-15.23.50:259][586]LogAIModule: Creating AISystem for world IslandLandscape
[2019.01.31-15.23.50:259][586]LogPlayLevel: PIE: World Init took: (0.000745s)
[2019.01.31-15.23.50:259][586]LogPlayLevel: PIE: Created PIE world by copying editor world from /Game/FirstPersonBP/Maps/IslandLandscape.IslandLandscape to /Game/FirstPersonBP/Maps/UEDPIE_0_IslandLandscape.IslandLandscape (0.076883s)
[2019.01.31-15.23.50:281][586]LogInit: XAudio2 using 'Lautsprecher (Realtek High Definition Audio)' : 2 channels at 48 kHz using 32 bits per sample (channel mask 0x3)
[2019.01.31-15.23.50:323][586]LogInit: FAudioDevice initialized.
[2019.01.31-15.23.50:402][586]LogLoad: Game class is 'FirstPersonGameMode_C'
[2019.01.31-15.23.50:424][586]LogWorld: Bringing World /Game/FirstPersonBP/Maps/UEDPIE_0_IslandLandscape.IslandLandscape up for play (max tick rate 60) at 2019.01.31-16.23.50
[2019.01.31-15.23.50:432][586]LogWorld: Bringing up level for play took: 0.018062
[2019.01.31-15.23.50:527][586]LogContentBrowser: Native class hierarchy updated for 'MovieSceneCapture' in 0.0004 seconds. Added 20 classes and 0 folders.
[2019.01.31-15.23.50:571][586]PIE: Play in editor start time for /Game/FirstPersonBP/Maps/UEDPIE_0_IslandLandscape 0,991
[2019.01.31-15.23.50:571][586]LogBlueprintUserMessages: Late PlayInEditor Detection: Level '/Game/FirstPersonBP/Maps/IslandLandscape.IslandLandscape:PersistentLevel' has LevelScriptBlueprint '/Game/FirstPersonBP/Maps/IslandLandscape.IslandLandscape:PersistentLevel.IslandLandscape' with GeneratedClass '/Game/FirstPersonBP/Maps/IslandLandscape.IslandLandscape_C' with ClassGeneratedBy '/Game/FirstPersonBP/Maps/IslandLandscape.IslandLandscape:PersistentLevel.IslandLandscape'
[2019.01.31-15.23.54:332][787]LogBlueprintUserMessages: Early EndPlayMap Detection: Level '/Game/FirstPersonBP/Maps/IslandLandscape.IslandLandscape:PersistentLevel' has LevelScriptBlueprint '/Game/FirstPersonBP/Maps/IslandLandscape.IslandLandscape:PersistentLevel.IslandLandscape' with GeneratedClass '/Game/FirstPersonBP/Maps/IslandLandscape.IslandLandscape_C' with ClassGeneratedBy '/Game/FirstPersonBP/Maps/IslandLandscape.IslandLandscape:PersistentLevel.IslandLandscape'
[2019.01.31-15.23.54:332][787]LogSlate: Updating window title bar state: overlay mode, drag disabled, window buttons hidden, title bar hidden
[2019.01.31-15.23.54:368][787]LogPlayLevel: Display: Shutting down PIE online subsystems
[2019.01.31-15.23.54:368][787]LogBlueprintUserMessages: Late EndPlayMap Detection: Level '/Game/FirstPersonBP/Maps/IslandLandscape.IslandLandscape:PersistentLevel' has LevelScriptBlueprint '/Game/FirstPersonBP/Maps/IslandLandscape.IslandLandscape:PersistentLevel.IslandLandscape' with GeneratedClass '/Game/FirstPersonBP/Maps/IslandLandscape.IslandLandscape_C' with ClassGeneratedBy '/Game/FirstPersonBP/Maps/IslandLandscape.IslandLandscape:PersistentLevel.IslandLandscape'
[2019.01.31-15.23.54:390][787]LogSlate: Updating window title bar state: overlay mode, drag disabled, window buttons hidden, title bar hidden
[2019.01.31-15.23.54:439][789]LogPlayLevel: Display: Destroying online subsystem :Context_1
[2019.01.31-15.24.07:500][560]LogSlate: FSceneViewport::OnFocusLost() reason 0
[2019.01.31-15.24.52:851][182]LogSlate: FSceneViewport::OnFocusLost() reason 0
[2019.01.31-15.25.07:994][993]LogMaterial: Display: Missing cached shader map for material ScotsPineTall_01_Billboard_Mat, compiling. 
[2019.01.31-15.25.08:099][993]LogShaderCompilers: Display: Shaders left to compile 46
[2019.01.31-15.25.08:099][993]LogShaderCompilers: Display: Shaders left to compile 36
[2019.01.31-15.25.08:100][993]LogShaderCompilers: Display: Shaders left to compile 26
[2019.01.31-15.25.10:350][993]LogSlate: Window 'Delete Assets' being destroyed
[2019.01.31-15.25.11:161][  7]LogShaderCompilers: Display: Shaders left to compile 16
[2019.01.31-15.25.11:229][ 11]LogShaderCompilers: Display: Shaders left to compile 6
[2019.01.31-15.25.16:357][281]LogMaterial: Display: Missing cached shader map for material Material_0, compiling. 
[2019.01.31-15.25.16:364][281]LogShaderCompilers: Display: Shaders left to compile 5
[2019.01.31-15.27.49:336][290]LogSavePackage: Moving '../../../../../Game_Engines/Island_FPS_UE/Saved/IslandLandscape87ACECAF47F2CA1776D5398E48F9088D.tmp' to '../../../../../Game_Engines/Island_FPS_UE/Content/FirstPersonBP/Maps/IslandLandscape.umap'
[2019.01.31-15.27.49:493][290]Cmd: OBJ SAVEPACKAGE PACKAGE="/Game/FirstPersonBP/Maps/IslandLandscape_BuiltData" FILE="../../../../../Game_Engines/Island_FPS_UE/Content/FirstPersonBP/Maps/IslandLandscape_BuiltData.uasset" SILENT=true
[2019.01.31-15.27.49:904][290]LogSavePackage: Moving '../../../../../Game_Engines/Island_FPS_UE/Saved/IslandLandscape_BuiltDataFFBF725C431D9935D4C344B0B75B5D18.tmp' to '../../../../../Game_Engines/Island_FPS_UE/Content/FirstPersonBP/Maps/IslandLandscape_BuiltData.uasset'
